<?xml version="1.0" encoding="UTF-8"?>
<testng-results ignored="0" total="1" passed="1" failed="0" skipped="0">
  <reporter-output>
  </reporter-output>
  <suite started-at="2022-12-18T12:57:19 IST" name="Default suite" finished-at="2022-12-18T12:57:23 IST" duration-ms="4167">
    <groups>
    </groups>
    <test started-at="2022-12-18T12:57:19 IST" name="Default test" finished-at="2022-12-18T12:57:23 IST" duration-ms="4167">
      <class name="restassuredTests.GET_Request">
        <test-method signature="getRequest()[pri:0, instance:restassuredTests.GET_Request@35047d03]" started-at="2022-12-18T12:57:19 IST" name="getRequest" finished-at="2022-12-18T12:57:23 IST" duration-ms="4114" status="PASS">
          <reporter-output>
          </reporter-output>
        </test-method> <!-- getRequest -->
      </class> <!-- restassuredTests.GET_Request -->
    </test> <!-- Default test -->
  </suite> <!-- Default suite -->
</testng-results>
