<?xml version="1.0" encoding="UTF-8"?>
<testng-results ignored="0" total="1" passed="1" failed="0" skipped="0">
  <reporter-output>
  </reporter-output>
  <suite started-at="2022-12-20T21:19:59 IST" name="Default suite" finished-at="2022-12-20T21:20:03 IST" duration-ms="4163">
    <groups>
    </groups>
    <test started-at="2022-12-20T21:19:59 IST" name="Default test" finished-at="2022-12-20T21:20:03 IST" duration-ms="4163">
      <class name="restassuredTests.PUT_Request">
        <test-method is-config="true" signature="postdata()[pri:0, instance:restassuredTests.PUT_Request@31368b99]" started-at="2022-12-20T21:19:59 IST" name="postdata" finished-at="2022-12-20T21:19:59 IST" duration-ms="718" status="PASS">
          <reporter-output>
          </reporter-output>
        </test-method> <!-- postdata -->
        <test-method signature="putTest()[pri:0, instance:restassuredTests.PUT_Request@31368b99]" started-at="2022-12-20T21:19:59 IST" name="putTest" finished-at="2022-12-20T21:20:03 IST" duration-ms="3388" status="PASS">
          <reporter-output>
          </reporter-output>
        </test-method> <!-- putTest -->
      </class> <!-- restassuredTests.PUT_Request -->
    </test> <!-- Default test -->
  </suite> <!-- Default suite -->
</testng-results>
